#
# There is insufficient memory for the Java Runtime Environment to continue.
# Native memory allocation (malloc) failed to allocate 46112 bytes for Chunk::new
# Possible reasons:
#   The system is out of physical RAM or swap space
#   The process is running with CompressedOops enabled, and the Java Heap may be blocking the growth of the native heap
# Possible solutions:
#   Reduce memory load on the system
#   Increase physical memory or swap space
#   Check if swap backing store is full
#   Decrease Java heap size (-Xmx/-Xms)
#   Decrease number of Java threads
#   Decrease Java thread stack sizes (-Xss)
#   Set larger code cache with -XX:ReservedCodeCacheSize=
#   JVM is running with Unscaled Compressed Oops mode in which the Java heap is
#     placed in the first 4GB address space. The Java Heap base address is the
#     maximum limit for the native heap growth. Please use -XX:HeapBaseMinAddress
#     to set the Java Heap base and to place the Java Heap above 4GB virtual address.
# This output file may be truncated or incomplete.
#
#  Out of Memory Error (allocation.cpp:389), pid=13692, tid=0x0000000000002414
#
# JRE version: Java(TM) SE Runtime Environment (8.0_311-b11) (build 1.8.0_311-b11)
# Java VM: Java HotSpot(TM) 64-Bit Server VM (25.311-b11 mixed mode windows-amd64 compressed oops)
# Failed to write core dump. Minidumps are not enabled by default on client versions of Windows
#

---------------  T H R E A D  ---------------

Current thread (0x000001e105636000):  JavaThread "main" [_thread_in_native, id=9236, stack(0x0000002c77000000,0x0000002c77100000)]

Stack: [0x0000002c77000000,0x0000002c77100000]
Native frames: (J=compiled Java code, j=interpreted, Vv=VM code, C=native code)
V  [jvm.dll+0x32f239]

Java frames: (J=compiled Java code, j=interpreted, Vv=VM code)
J 274  java.lang.ClassLoader.findBootstrapClass(Ljava/lang/String;)Ljava/lang/Class; (0 bytes) @ 0x000001e1070a134f [0x000001e1070a1300+0x4f]
J 3279 C2 java.lang.ClassLoader.loadClass(Ljava/lang/String;)Ljava/lang/Class; (7 bytes) @ 0x000001e1076a0d20 [0x000001e1076a0400+0x920]
v  ~StubRoutines::call_stub
j  org.hibernate.event.service.internal.EventListenerGroupImpl.<clinit>()V+18
v  ~StubRoutines::call_stub
j  org.hibernate.event.service.internal.EventListenerRegistryImpl$Builder.lambda$prepareListeners$0(Lorg/hibernate/event/spi/EventType;Lorg/hibernate/event/spi/EventType;)Lorg/hibernate/event/service/internal/EventListenerGroupImpl;+38
j  org.hibernate.event.service.internal.EventListenerRegistryImpl$Builder$$Lambda$642.apply(Ljava/lang/Object;)Ljava/lang/Object;+12
j  org.hibernate.event.service.internal.EventListenerRegistryImpl$Builder.prepareListeners(Lorg/hibernate/event/spi/EventType;Ljava/lang/Object;Ljava/util/function/Function;)V+2
j  org.hibernate.event.service.internal.EventListenerRegistryImpl$Builder.prepareListeners(Lorg/hibernate/event/spi/EventType;Ljava/lang/Object;)V+10
j  org.hibernate.event.service.internal.EventListenerRegistryImpl$Builder.applyStandardListeners()V+11
j  org.hibernate.event.service.internal.EventListenerRegistryImpl$Builder.<init>(Lorg/hibernate/jpa/event/internal/CallbackRegistryImplementor;Z)V+34
j  org.hibernate.event.spi.EventEngine.<init>(Lorg/hibernate/boot/spi/MetadataImplementor;Lorg/hibernate/engine/spi/SessionFactoryImplementor;)V+48
j  org.hibernate.internal.SessionFactoryImpl.<init>(Lorg/hibernate/boot/spi/MetadataImplementor;Lorg/hibernate/boot/spi/SessionFactoryOptions;Lorg/hibernate/engine/query/spi/QueryPlanCache$QueryPlanCreator;)V+84
j  org.hibernate.boot.internal.SessionFactoryBuilderImpl.build()Lorg/hibernate/SessionFactory;+64
j  org.hibernate.jpa.boot.internal.EntityManagerFactoryBuilderImpl.build()Ljavax/persistence/EntityManagerFactory;+22
j  org.springframework.orm.jpa.vendor.SpringHibernateJpaPersistenceProvider.createContainerEntityManagerFactory(Ljavax/persistence/spi/PersistenceUnitInfo;Ljava/util/Map;)Ljavax/persistence/EntityManagerFactory;+55
j  org.springframework.orm.jpa.LocalContainerEntityManagerFactoryBean.createNativeEntityManagerFactory()Ljavax/persistence/EntityManagerFactory;+129
j  org.springframework.orm.jpa.AbstractEntityManagerFactoryBean.buildNativeEntityManagerFactory()Ljavax/persistence/EntityManagerFactory;+1
j  org.springframework.orm.jpa.AbstractEntityManagerFactoryBean.afterPropertiesSet()V+192
j  org.springframework.orm.jpa.LocalContainerEntityManagerFactoryBean.afterPropertiesSet()V+77
j  org.springframework.beans.factory.support.AbstractAutowireCapableBeanFactory.invokeInitMethods(Ljava/lang/String;Ljava/lang/Object;Lorg/springframework/beans/factory/support/RootBeanDefinition;)V+106
j  org.springframework.beans.factory.support.AbstractAutowireCapableBeanFactory.initializeBean(Ljava/lang/String;Ljava/lang/Object;Lorg/springframework/beans/factory/support/RootBeanDefinition;)Ljava/lang/Object;+59
j  org.springframework.beans.factory.support.AbstractAutowireCapableBeanFactory.doCreateBean(Ljava/lang/String;Lorg/springframework/beans/factory/support/RootBeanDefinition;[Ljava/lang/Object;)Ljava/lang/Object;+245
j  org.springframework.beans.factory.support.AbstractAutowireCapableBeanFactory.createBean(Ljava/lang/String;Lorg/springframework/beans/factory/support/RootBeanDefinition;[Ljava/lang/Object;)Ljava/lang/Object;+169
j  org.springframework.beans.factory.support.AbstractBeanFactory.lambda$doGetBean$0(Ljava/lang/String;Lorg/springframework/beans/factory/support/RootBeanDefinition;[Ljava/lang/Object;)Ljava/lang/Object;+4
j  org.springframework.beans.factory.support.AbstractBeanFactory$$Lambda$181.getObject()Ljava/lang/Object;+16
j  org.springframework.beans.factory.support.DefaultSingletonBeanRegistry.getSingleton(Ljava/lang/String;Lorg/springframework/beans/factory/ObjectFactory;)Ljava/lang/Object;+132
J 2096 C1 org.springframework.beans.factory.support.AbstractBeanFactory.doGetBean(Ljava/lang/String;Ljava/lang/Class;[Ljava/lang/Object;Z)Ljava/lang/Object; (832 bytes) @ 0x000001e1075b8294 [0x000001e1075b6220+0x2074]
j  org.springframework.beans.factory.support.AbstractBeanFactory.getBean(Ljava/lang/String;)Ljava/lang/Object;+5
j  org.springframework.context.support.AbstractApplicationContext.getBean(Ljava/lang/String;)Ljava/lang/Object;+9
j  org.springframework.context.support.AbstractApplicationContext.finishBeanFactoryInitialization(Lorg/springframework/beans/factory/config/ConfigurableListableBeanFactory;)V+100
j  org.springframework.context.support.AbstractApplicationContext.refresh()V+86
j  org.springframework.boot.web.servlet.context.ServletWebServerApplicationContext.refresh()V+1
j  org.springframework.boot.SpringApplication.refresh(Lorg/springframework/context/ConfigurableApplicationContext;)V+1
j  org.springframework.boot.SpringApplication.refreshContext(Lorg/springframework/context/ConfigurableApplicationContext;)V+16
j  org.springframework.boot.SpringApplication.run([Ljava/lang/String;)Lorg/springframework/context/ConfigurableApplicationContext;+107
j  org.springframework.boot.SpringApplication.run([Ljava/lang/Class;[Ljava/lang/String;)Lorg/springframework/context/ConfigurableApplicationContext;+9
j  org.springframework.boot.SpringApplication.run(Ljava/lang/Class;[Ljava/lang/String;)Lorg/springframework/context/ConfigurableApplicationContext;+9
j  com.machine.coding.socialmedia.SocialMediaApplication.main([Ljava/lang/String;)V+3
v  ~StubRoutines::call_stub

---------------  P R O C E S S  ---------------

Java Threads: ( => current thread )
  0x000001e11fb52000 JavaThread "container-0" [_thread_blocked, id=11168, stack(0x0000002c78600000,0x0000002c78700000)]
  0x000001e11fb51800 JavaThread "Catalina-utility-2" [_thread_blocked, id=18700, stack(0x0000002c78500000,0x0000002c78600000)]
  0x000001e11fb50000 JavaThread "Catalina-utility-1" [_thread_blocked, id=13584, stack(0x0000002c78400000,0x0000002c78500000)]
  0x000001e11fb4f000 JavaThread "HikariPool-1 connection adder" daemon [_thread_blocked, id=7632, stack(0x0000002c78300000,0x0000002c78400000)]
  0x000001e11fb50800 JavaThread "HikariPool-1 housekeeper" daemon [_thread_blocked, id=17220, stack(0x0000002c78200000,0x0000002c78300000)]
  0x000001e123630000 JavaThread "mysql-cj-abandoned-connection-cleanup" daemon [_thread_blocked, id=3564, stack(0x0000002c78100000,0x0000002c78200000)]
  0x000001e11cbfd000 JavaThread "Service Thread" daemon [_thread_blocked, id=12096, stack(0x0000002c77f00000,0x0000002c78000000)]
  0x000001e11cba1000 JavaThread "C1 CompilerThread2" daemon [_thread_blocked, id=11772, stack(0x0000002c77e00000,0x0000002c77f00000)]
  0x000001e11cb98000 JavaThread "C2 CompilerThread1" daemon [_thread_in_native, id=19180, stack(0x0000002c77d00000,0x0000002c77e00000)]
  0x000001e11cae4800 JavaThread "C2 CompilerThread0" daemon [_thread_in_native, id=12760, stack(0x0000002c77c00000,0x0000002c77d00000)]
  0x000001e11caf8000 JavaThread "Monitor Ctrl-Break" daemon [_thread_in_native, id=5000, stack(0x0000002c77b00000,0x0000002c77c00000)]
  0x000001e11b69e000 JavaThread "Attach Listener" daemon [_thread_blocked, id=15316, stack(0x0000002c77a00000,0x0000002c77b00000)]
  0x000001e11b69d000 JavaThread "Signal Dispatcher" daemon [_thread_blocked, id=14532, stack(0x0000002c77900000,0x0000002c77a00000)]
  0x000001e11b679000 JavaThread "Finalizer" daemon [_thread_blocked, id=11000, stack(0x0000002c77700000,0x0000002c77800000)]
  0x000001e11b670000 JavaThread "Reference Handler" daemon [_thread_blocked, id=18896, stack(0x0000002c77600000,0x0000002c77700000)]
=>0x000001e105636000 JavaThread "main" [_thread_in_native, id=9236, stack(0x0000002c77000000,0x0000002c77100000)]

Other Threads:
  0x000001e11b646800 VMThread [stack: 0x0000002c77500000,0x0000002c77600000] [id=17716]
  0x000001e11cc3c000 WatcherThread [stack: 0x0000002c78000000,0x0000002c78100000] [id=3272]

VM state:not at safepoint (normal execution)

VM Mutex/Monitor currently owned by a thread: None

heap address: 0x0000000081a00000, size: 2022 MB, Compressed Oops mode: 32-bit
Narrow klass base: 0x0000000000000000, Narrow klass shift: 3
Compressed class space size: 1073741824 Address: 0x0000000100000000

Heap:
 PSYoungGen      total 116224K, used 91816K [0x00000000d5e00000, 0x00000000def00000, 0x0000000100000000)
  eden space 109056K, 84% used [0x00000000d5e00000,0x00000000db7aa298,0x00000000dc880000)
  from space 7168K, 0% used [0x00000000de800000,0x00000000de800000,0x00000000def00000)
  to   space 8192K, 0% used [0x00000000ddf00000,0x00000000ddf00000,0x00000000de700000)
 ParOldGen       total 71680K, used 11728K [0x0000000081a00000, 0x0000000086000000, 0x00000000d5e00000)
  object space 71680K, 16% used [0x0000000081a00000,0x0000000082574038,0x0000000086000000)
 Metaspace       used 44243K, capacity 46468K, committed 46848K, reserved 1089536K
  class space    used 5894K, capacity 6274K, committed 6400K, reserved 1048576K

Card table byte_map: [0x000001e116290000,0x000001e116690000] byte_map_base: 0x000001e115e83000

Marking Bits: (ParMarkBitMap*) 0x000000005e7f8030
 Begin Bits: [0x000001e116940000, 0x000001e1188d8000)
 End Bits:   [0x000001e1188d8000, 0x000001e11a870000)

Polling page: 0x000001e106ea0000

CodeCache: size=245760Kb used=9954Kb max_used=10952Kb free=235805Kb
 bounds [0x000001e106ed0000, 0x000001e1079c0000, 0x000001e115ed0000]
 total_blobs=3423 nmethods=2926 adapters=409
 compilation: enabled

Compilation events (10 events):
Event: 9.668 Thread 0x000001e11cba1000 3356       3       java.lang.invoke.MethodType::methodType (14 bytes)
Event: 9.669 Thread 0x000001e11cba1000 nmethod 3356 0x000001e1070cbad0 code [0x000001e1070cbc40, 0x000001e1070cbf70]
Event: 9.669 Thread 0x000001e11cba1000 3357       3       java.lang.invoke.Invokers::callSiteForm (295 bytes)
Event: 9.671 Thread 0x000001e11cba1000 nmethod 3357 0x000001e10700c750 code [0x000001e10700ca00, 0x000001e10700e180]
Event: 9.682 Thread 0x000001e11cba1000 3359       1       org.hibernate.boot.registry.classloading.internal.AggregatedClassLoader::access$000 (5 bytes)
Event: 9.683 Thread 0x000001e11cba1000 nmethod 3359 0x000001e1071ab6d0 code [0x000001e1071ab820, 0x000001e1071ab918]
Event: 9.684 Thread 0x000001e11cae4800 nmethod 3352 0x000001e107475ad0 code [0x000001e107475c80, 0x000001e1074766e8]
Event: 9.685 Thread 0x000001e11cae4800 3358       4       sun.net.www.protocol.file.Handler::hostsEqual (65 bytes)
Event: 9.696 Thread 0x000001e11cba1000 3360       3       java.lang.invoke.MethodType::dropParameterTypes (162 bytes)
Event: 9.698 Thread 0x000001e11cba1000 nmethod 3360 0x000001e107727110 code [0x000001e1077273c0, 0x000001e107728730]

GC Heap History (10 events):
Event: 3.596 GC heap before
{Heap before GC invocations=6 (full 1):
 PSYoungGen      total 71680K, used 5088K [0x00000000d5e00000, 0x00000000df000000, 0x0000000100000000)
  eden space 66560K, 0% used [0x00000000d5e00000,0x00000000d5e00000,0x00000000d9f00000)
  from space 5120K, 99% used [0x00000000d9f00000,0x00000000da3f8330,0x00000000da400000)
  to   space 8192K, 0% used [0x00000000de800000,0x00000000de800000,0x00000000df000000)
 ParOldGen       total 87552K, used 5201K [0x0000000081a00000, 0x0000000086f80000, 0x00000000d5e00000)
  object space 87552K, 5% used [0x0000000081a00000,0x0000000081f14410,0x0000000086f80000)
 Metaspace       used 20304K, capacity 21132K, committed 21248K, reserved 1067008K
  class space    used 2523K, capacity 2716K, committed 2816K, reserved 1048576K
Event: 3.647 GC heap after
Heap after GC invocations=6 (full 1):
 PSYoungGen      total 71680K, used 0K [0x00000000d5e00000, 0x00000000df000000, 0x0000000100000000)
  eden space 66560K, 0% used [0x00000000d5e00000,0x00000000d5e00000,0x00000000d9f00000)
  from space 5120K, 0% used [0x00000000d9f00000,0x00000000d9f00000,0x00000000da400000)
  to   space 8192K, 0% used [0x00000000de800000,0x00000000de800000,0x00000000df000000)
 ParOldGen       total 52736K, used 6081K [0x0000000081a00000, 0x0000000084d80000, 0x00000000d5e00000)
  object space 52736K, 11% used [0x0000000081a00000,0x0000000081ff0708,0x0000000084d80000)
 Metaspace       used 20304K, capacity 21132K, committed 21248K, reserved 1067008K
  class space    used 2523K, capacity 2716K, committed 2816K, reserved 1048576K
}
Event: 5.574 GC heap before
{Heap before GC invocations=7 (full 1):
 PSYoungGen      total 71680K, used 66560K [0x00000000d5e00000, 0x00000000df000000, 0x0000000100000000)
  eden space 66560K, 100% used [0x00000000d5e00000,0x00000000d9f00000,0x00000000d9f00000)
  from space 5120K, 0% used [0x00000000d9f00000,0x00000000d9f00000,0x00000000da400000)
  to   space 8192K, 0% used [0x00000000de800000,0x00000000de800000,0x00000000df000000)
 ParOldGen       total 52736K, used 6081K [0x0000000081a00000, 0x0000000084d80000, 0x00000000d5e00000)
  object space 52736K, 11% used [0x0000000081a00000,0x0000000081ff0708,0x0000000084d80000)
 Metaspace       used 24501K, capacity 25718K, committed 25984K, reserved 1071104K
  class space    used 3095K, capacity 3351K, committed 3456K, reserved 1048576K
Event: 5.586 GC heap after
Heap after GC invocations=7 (full 1):
 PSYoungGen      total 116224K, used 6846K [0x00000000d5e00000, 0x00000000def00000, 0x0000000100000000)
  eden space 109056K, 0% used [0x00000000d5e00000,0x00000000d5e00000,0x00000000dc880000)
  from space 7168K, 95% used [0x00000000de800000,0x00000000deeaf818,0x00000000def00000)
  to   space 8192K, 0% used [0x00000000ddf00000,0x00000000ddf00000,0x00000000de700000)
 ParOldGen       total 52736K, used 6089K [0x0000000081a00000, 0x0000000084d80000, 0x00000000d5e00000)
  object space 52736K, 11% used [0x0000000081a00000,0x0000000081ff2708,0x0000000084d80000)
 Metaspace       used 24501K, capacity 25718K, committed 25984K, reserved 1071104K
  class space    used 3095K, capacity 3351K, committed 3456K, reserved 1048576K
}
Event: 7.697 GC heap before
{Heap before GC invocations=8 (full 1):
 PSYoungGen      total 116224K, used 115902K [0x00000000d5e00000, 0x00000000def00000, 0x0000000100000000)
  eden space 109056K, 100% used [0x00000000d5e00000,0x00000000dc880000,0x00000000dc880000)
  from space 7168K, 95% used [0x00000000de800000,0x00000000deeaf818,0x00000000def00000)
  to   space 8192K, 0% used [0x00000000ddf00000,0x00000000ddf00000,0x00000000de700000)
 ParOldGen       total 52736K, used 6089K [0x0000000081a00000, 0x0000000084d80000, 0x00000000d5e00000)
  object space 52736K, 11% used [0x0000000081a00000,0x0000000081ff2708,0x0000000084d80000)
 Metaspace       used 32994K, capacity 34976K, committed 35328K, reserved 1079296K
  class space    used 4176K, capacity 4521K, committed 4608K, reserved 1048576K
Event: 7.726 GC heap after
Heap after GC invocations=8 (full 1):
 PSYoungGen      total 117248K, used 8172K [0x00000000d5e00000, 0x00000000def00000, 0x0000000100000000)
  eden space 109056K, 0% used [0x00000000d5e00000,0x00000000d5e00000,0x00000000dc880000)
  from space 8192K, 99% used [0x00000000ddf00000,0x00000000de6fb318,0x00000000de700000)
  to   space 7168K, 0% used [0x00000000de800000,0x00000000de800000,0x00000000def00000)
 ParOldGen       total 52736K, used 9680K [0x0000000081a00000, 0x0000000084d80000, 0x00000000d5e00000)
  object space 52736K, 18% used [0x0000000081a00000,0x0000000082374208,0x0000000084d80000)
 Metaspace       used 32994K, capacity 34976K, committed 35328K, reserved 1079296K
  class space    used 4176K, capacity 4521K, committed 4608K, reserved 1048576K
}
Event: 7.782 GC heap before
{Heap before GC invocations=9 (full 1):
 PSYoungGen      total 117248K, used 12126K [0x00000000d5e00000, 0x00000000def00000, 0x0000000100000000)
  eden space 109056K, 3% used [0x00000000d5e00000,0x00000000d61dc540,0x00000000dc880000)
  from space 8192K, 99% used [0x00000000ddf00000,0x00000000de6fb318,0x00000000de700000)
  to   space 7168K, 0% used [0x00000000de800000,0x00000000de800000,0x00000000def00000)
 ParOldGen       total 52736K, used 9680K [0x0000000081a00000, 0x0000000084d80000, 0x00000000d5e00000)
  object space 52736K, 18% used [0x0000000081a00000,0x0000000082374208,0x0000000084d80000)
 Metaspace       used 33320K, capacity 35276K, committed 35416K, reserved 1081344K
  class space    used 4209K, capacity 4557K, committed 4608K, reserved 1048576K
Event: 7.790 GC heap after
Heap after GC invocations=9 (full 1):
 PSYoungGen      total 116224K, used 7157K [0x00000000d5e00000, 0x00000000def00000, 0x0000000100000000)
  eden space 109056K, 0% used [0x00000000d5e00000,0x00000000d5e00000,0x00000000dc880000)
  from space 7168K, 99% used [0x00000000de800000,0x00000000deefd400,0x00000000def00000)
  to   space 8192K, 0% used [0x00000000ddf00000,0x00000000ddf00000,0x00000000de700000)
 ParOldGen       total 52736K, used 9834K [0x0000000081a00000, 0x0000000084d80000, 0x00000000d5e00000)
  object space 52736K, 18% used [0x0000000081a00000,0x000000008239a948,0x0000000084d80000)
 Metaspace       used 33320K, capacity 35276K, committed 35416K, reserved 1081344K
  class space    used 4209K, capacity 4557K, committed 4608K, reserved 1048576K
}
Event: 7.790 GC heap before
{Heap before GC invocations=10 (full 2):
 PSYoungGen      total 116224K, used 7157K [0x00000000d5e00000, 0x00000000def00000, 0x0000000100000000)
  eden space 109056K, 0% used [0x00000000d5e00000,0x00000000d5e00000,0x00000000dc880000)
  from space 7168K, 99% used [0x00000000de800000,0x00000000deefd400,0x00000000def00000)
  to   space 8192K, 0% used [0x00000000ddf00000,0x00000000ddf00000,0x00000000de700000)
 ParOldGen       total 52736K, used 9834K [0x0000000081a00000, 0x0000000084d80000, 0x00000000d5e00000)
  object space 52736K, 18% used [0x0000000081a00000,0x000000008239a948,0x0000000084d80000)
 Metaspace       used 33320K, capacity 35276K, committed 35416K, reserved 1081344K
  class space    used 4209K, capacity 4557K, committed 4608K, reserved 1048576K
Event: 7.889 GC heap after
Heap after GC invocations=10 (full 2):
 PSYoungGen      total 116224K, used 0K [0x00000000d5e00000, 0x00000000def00000, 0x0000000100000000)
  eden space 109056K, 0% used [0x00000000d5e00000,0x00000000d5e00000,0x00000000dc880000)
  from space 7168K, 0% used [0x00000000de800000,0x00000000de800000,0x00000000def00000)
  to   space 8192K, 0% used [0x00000000ddf00000,0x00000000ddf00000,0x00000000de700000)
 ParOldGen       total 71680K, used 11728K [0x0000000081a00000, 0x0000000086000000, 0x00000000d5e00000)
  object space 71680K, 16% used [0x0000000081a00000,0x0000000082574038,0x0000000086000000)
 Metaspace       used 33320K, capacity 35276K, committed 35416K, reserved 1081344K
  class space    used 4209K, capacity 4557K, committed 4608K, reserved 1048576K
}

Deoptimization events (10 events):
Event: 7.335 Thread 0x000001e105636000 Uncommon trap: reason=unstable_if action=reinterpret pc=0x000001e10794663c method=java.lang.StringCoding.decode(Ljava/lang/String;[BII)[C @ 38
Event: 7.345 Thread 0x000001e123630000 Uncommon trap: reason=unstable_if action=reinterpret pc=0x000001e1070c2b44 method=java.util.zip.ZipCoder.getBytes(Ljava/lang/String;)[B @ 32
Event: 7.346 Thread 0x000001e123630000 Uncommon trap: reason=unstable_if action=reinterpret pc=0x000001e1070c7d28 method=java.util.zip.ZipCoder.getBytes(Ljava/lang/String;)[B @ 32
Event: 7.346 Thread 0x000001e123630000 Uncommon trap: reason=unstable_if action=reinterpret pc=0x000001e1070b34c4 method=java.util.zip.ZipCoder.getBytes(Ljava/lang/String;)[B @ 32
Event: 7.346 Thread 0x000001e105636000 Uncommon trap: reason=unstable_if action=reinterpret pc=0x000001e10714b390 method=java.lang.AbstractStringBuilder.append(Ljava/lang/String;)Ljava/lang/AbstractStringBuilder; @ 1
Event: 7.449 Thread 0x000001e105636000 Uncommon trap: reason=bimorphic action=maybe_recompile pc=0x000001e1073c5bcc method=java.util.Properties$LineReader.readLine()I @ 410
Event: 8.034 Thread 0x000001e105636000 Uncommon trap: reason=unstable_if action=reinterpret pc=0x000001e10791758c method=java.lang.ThreadLocal$ThreadLocalMap.getEntry(Ljava/lang/ThreadLocal;)Ljava/lang/ThreadLocal$ThreadLocalMap$Entry; @ 29
Event: 8.042 Thread 0x000001e105636000 Uncommon trap: reason=unstable_if action=reinterpret pc=0x000001e10791cb1c method=java.lang.ThreadLocal$ThreadLocalMap.getEntry(Ljava/lang/ThreadLocal;)Ljava/lang/ThreadLocal$ThreadLocalMap$Entry; @ 29
Event: 8.297 Thread 0x000001e105636000 Uncommon trap: reason=unstable_if action=reinterpret pc=0x000001e106fe8cb0 method=java.util.regex.Pattern$BmpCharProperty.match(Ljava/util/regex/Matcher;ILjava/lang/CharSequence;)Z @ 5
Event: 8.790 Thread 0x000001e105636000 Uncommon trap: reason=unstable_if action=reinterpret pc=0x000001e1070bad2c method=java.lang.ClassLoader.getClassLoadingLock(Ljava/lang/String;)Ljava/lang/Object; @ 6

Classes redefined (0 events):
No events

Internal exceptions (10 events):
Event: 5.802 Thread 0x000001e105636000 Exception <a 'java/lang/ClassNotFoundException': org/springframework/beans/factory/AwareCustomizer> (0x00000000d6722630) thrown at [C:\jenkins\workspace\8-2-build-windows-amd64-cygwin\jdk8u311\1894\hotspot\src\share\vm\classfile\systemDictionary.cpp, line
Event: 5.803 Thread 0x000001e105636000 Implicit null exception at 0x000001e10763f40c to 0x000001e10763f581
Event: 5.894 Thread 0x000001e105636000 Exception <a 'java/lang/NoSuchMethodError': java.lang.Object.lambda$map$1(Ljava/util/function/Function;)Ljava/util/stream/Stream;> (0x00000000d6b1cbc8) thrown at [C:\jenkins\workspace\8-2-build-windows-amd64-cygwin\jdk8u311\1894\hotspot\src\share\vm\inter
Event: 6.093 Thread 0x000001e105636000 Exception <a 'java/lang/IncompatibleClassChangeError': Found class java.lang.Object, but interface was expected> (0x00000000d72a8188) thrown at [C:\jenkins\workspace\8-2-build-windows-amd64-cygwin\jdk8u311\1894\hotspot\src\share\vm\interpreter\linkResolve
Event: 7.237 Thread 0x000001e105636000 Exception <a 'java/io/FileNotFoundException'> (0x00000000db476ec0) thrown at [C:\jenkins\workspace\8-2-build-windows-amd64-cygwin\jdk8u311\1894\hotspot\src\share\vm\prims\jni.cpp, line 710]
Event: 7.346 Thread 0x000001e105636000 Implicit null exception at 0x000001e10714afd6 to 0x000001e10714b379
Event: 8.159 Thread 0x000001e105636000 Exception <a 'java/lang/NoSuchMethodError': java.lang.Object.lambda$comparingLong$6043328a$1(Ljava/util/function/ToLongFunction;Ljava/lang/Object;Ljava/lang/Object;)I> (0x00000000d6db5480) thrown at [C:\jenkins\workspace\8-2-build-windows-amd64-cygwin\jdk
Event: 8.170 Thread 0x000001e105636000 Exception <a 'java/io/FileNotFoundException'> (0x00000000d6e2b830) thrown at [C:\jenkins\workspace\8-2-build-windows-amd64-cygwin\jdk8u311\1894\hotspot\src\share\vm\prims\jni.cpp, line 710]
Event: 8.637 Thread 0x000001e105636000 Exception <a 'java/lang/ClassNotFoundException': java/lang/Module> (0x00000000d85419d8) thrown at [C:\jenkins\workspace\8-2-build-windows-amd64-cygwin\jdk8u311\1894\hotspot\src\share\vm\classfile\systemDictionary.cpp, line 212]
Event: 8.790 Thread 0x000001e105636000 Implicit null exception at 0x000001e1070b8622 to 0x000001e1070bad15

Events (10 events):
Event: 9.717 loading class org/hibernate/event/spi/EventType done
Event: 9.717 loading class org/hibernate/event/service/internal/EventListenerRegistryImpl$Builder
Event: 9.717 loading class org/hibernate/event/service/internal/EventListenerRegistryImpl$Builder done
Event: 9.718 loading class org/hibernate/event/service/spi/EventListenerRegistrationException
Event: 9.718 loading class org/hibernate/event/service/spi/EventListenerRegistrationException done
Event: 9.718 loading class java/util/concurrent/CompletionStage
Event: 9.719 loading class java/util/concurrent/CompletionStage done
Event: 9.719 loading class org/hibernate/event/service/internal/EventListenerGroupImpl$1
Event: 9.719 loading class org/hibernate/event/service/internal/EventListenerGroupImpl$1 done
Event: 9.720 loading class java/util/concurrent/CompletableFuture


Dynamic libraries:
0x00007ff77d2b0000 - 0x00007ff77d2f7000 	C:\Program Files\Java\jdk1.8.0_311\bin\java.exe
0x00007ff9ca270000 - 0x00007ff9ca468000 	C:\Windows\SYSTEM32\ntdll.dll
0x00007ff9c82d0000 - 0x00007ff9c838d000 	C:\Windows\System32\KERNEL32.DLL
0x00007ff9c7da0000 - 0x00007ff9c8096000 	C:\Windows\System32\KERNELBASE.dll
0x00007ff9c8a60000 - 0x00007ff9c8b0f000 	C:\Windows\System32\ADVAPI32.dll
0x00007ff9ca160000 - 0x00007ff9ca1fe000 	C:\Windows\System32\msvcrt.dll
0x00007ff9ca0c0000 - 0x00007ff9ca15c000 	C:\Windows\System32\sechost.dll
0x00007ff9c9a00000 - 0x00007ff9c9b26000 	C:\Windows\System32\RPCRT4.dll
0x00007ff9c9500000 - 0x00007ff9c969e000 	C:\Windows\System32\USER32.dll
0x00007ff9c7b10000 - 0x00007ff9c7b32000 	C:\Windows\System32\win32u.dll
0x00007ff9c8b10000 - 0x00007ff9c8b3c000 	C:\Windows\System32\GDI32.dll
0x00007ff9c79c0000 - 0x00007ff9c7ada000 	C:\Windows\System32\gdi32full.dll
0x00007ff9c8230000 - 0x00007ff9c82cd000 	C:\Windows\System32\msvcp_win.dll
0x00007ff9c8130000 - 0x00007ff9c8230000 	C:\Windows\System32\ucrtbase.dll
0x00007ff9aaf20000 - 0x00007ff9ab1ba000 	C:\Windows\WinSxS\amd64_microsoft.windows.common-controls_6595b64144ccf1df_6.0.19041.3636_none_60b6a03d71f818d5\COMCTL32.dll
0x00007ff9ca200000 - 0x00007ff9ca230000 	C:\Windows\System32\IMM32.DLL
0x00007ff9c0a20000 - 0x00007ff9c0a35000 	C:\Program Files\Java\jdk1.8.0_311\jre\bin\vcruntime140.dll
0x00007ff99a980000 - 0x00007ff99aa1b000 	C:\Program Files\Java\jdk1.8.0_311\jre\bin\msvcp140.dll
0x000000005e010000 - 0x000000005e870000 	C:\Program Files\Java\jdk1.8.0_311\jre\bin\server\jvm.dll
0x00007ff9c9840000 - 0x00007ff9c9848000 	C:\Windows\System32\PSAPI.DLL
0x00007ff9c58d0000 - 0x00007ff9c58d9000 	C:\Windows\SYSTEM32\WSOCK32.dll
0x00007ff9c9770000 - 0x00007ff9c97db000 	C:\Windows\System32\WS2_32.dll
0x00007ff9b3bc0000 - 0x00007ff9b3be7000 	C:\Windows\SYSTEM32\WINMM.dll
0x00007ff9be870000 - 0x00007ff9be87a000 	C:\Windows\SYSTEM32\VERSION.dll
0x00007ff9c61a0000 - 0x00007ff9c61b2000 	C:\Windows\SYSTEM32\kernel.appcore.dll
0x00007ff9c4ce0000 - 0x00007ff9c4cf0000 	C:\Program Files\Java\jdk1.8.0_311\jre\bin\verify.dll
0x00007ff9c09f0000 - 0x00007ff9c0a1b000 	C:\Program Files\Java\jdk1.8.0_311\jre\bin\java.dll
0x00007ff9aac00000 - 0x00007ff9aac30000 	C:\Program Files\Java\jdk1.8.0_311\jre\bin\instrument.dll
0x00007ff9c09d0000 - 0x00007ff9c09e8000 	C:\Program Files\Java\jdk1.8.0_311\jre\bin\zip.dll
0x00007ff9c8db0000 - 0x00007ff9c94f5000 	C:\Windows\System32\SHELL32.dll
0x00007ff9c58e0000 - 0x00007ff9c607b000 	C:\Windows\SYSTEM32\windows.storage.dll
0x00007ff9c9d50000 - 0x00007ff9ca0a4000 	C:\Windows\System32\combase.dll
0x00007ff9c7390000 - 0x00007ff9c73bd000 	C:\Windows\SYSTEM32\Wldp.dll
0x00007ff9c88e0000 - 0x00007ff9c898d000 	C:\Windows\System32\SHCORE.dll
0x00007ff9c8880000 - 0x00007ff9c88d5000 	C:\Windows\System32\shlwapi.dll
0x00007ff9c7880000 - 0x00007ff9c78a5000 	C:\Windows\SYSTEM32\profapi.dll
0x00007ff9c2a10000 - 0x00007ff9c2a2a000 	C:\Program Files\JetBrains\IntelliJ IDEA Community Edition 2021.3.2\bin\breakgen64.dll
0x00007ff9b6f50000 - 0x00007ff9b6f6c000 	C:\Program Files\Java\jdk1.8.0_311\jre\bin\net.dll
0x00007ff9c70f0000 - 0x00007ff9c715a000 	C:\Windows\system32\mswsock.dll
0x00007ff9c1390000 - 0x00007ff9c139d000 	C:\Program Files\Java\jdk1.8.0_311\jre\bin\management.dll
0x00007ff9ac4c0000 - 0x00007ff9ac4d7000 	C:\Windows\system32\napinsp.dll
0x00007ff9ac4a0000 - 0x00007ff9ac4bb000 	C:\Windows\system32\pnrpnsp.dll
0x00007ff9c2490000 - 0x00007ff9c24a5000 	C:\Windows\system32\wshbth.dll
0x00007ff9c2f10000 - 0x00007ff9c2f2d000 	C:\Windows\system32\NLAapi.dll
0x00007ff9c6d90000 - 0x00007ff9c6dcb000 	C:\Windows\SYSTEM32\IPHLPAPI.DLL
0x00007ff9c6dd0000 - 0x00007ff9c6e9a000 	C:\Windows\SYSTEM32\DNSAPI.dll
0x00007ff9ca0b0000 - 0x00007ff9ca0b8000 	C:\Windows\System32\NSI.dll
0x00007ff9ac480000 - 0x00007ff9ac492000 	C:\Windows\System32\winrnr.dll
0x00007ff9bddd0000 - 0x00007ff9bddda000 	C:\Windows\System32\rasadhlp.dll
0x00007ff9b6940000 - 0x00007ff9b69c0000 	C:\Windows\System32\fwpuclnt.dll
0x00007ff9c7ae0000 - 0x00007ff9c7b07000 	C:\Windows\System32\bcrypt.dll
0x00007ff9b6120000 - 0x00007ff9b6133000 	C:\Program Files\Java\jdk1.8.0_311\jre\bin\nio.dll
0x00007ff9c72f0000 - 0x00007ff9c7308000 	C:\Windows\SYSTEM32\CRYPTSP.dll
0x00007ff9c69b0000 - 0x00007ff9c69e4000 	C:\Windows\system32\rsaenh.dll
0x00007ff9c7840000 - 0x00007ff9c786e000 	C:\Windows\SYSTEM32\USERENV.dll
0x00007ff9c80a0000 - 0x00007ff9c8122000 	C:\Windows\System32\bcryptprimitives.dll
0x00007ff9c72e0000 - 0x00007ff9c72ec000 	C:\Windows\SYSTEM32\CRYPTBASE.dll
0x00007ff9b9ef0000 - 0x00007ff9b9f07000 	C:\Windows\SYSTEM32\dhcpcsvc6.DLL
0x00007ff9b9fc0000 - 0x00007ff9b9fdd000 	C:\Windows\SYSTEM32\dhcpcsvc.DLL
0x00007ff9c08e0000 - 0x00007ff9c0904000 	C:\Program Files\Java\jdk1.8.0_311\jre\bin\sunec.dll
0x00007ff9c2a00000 - 0x00007ff9c2a0d000 	C:\Program Files\Java\jdk1.8.0_311\jre\bin\sunmscapi.dll
0x00007ff9c7b90000 - 0x00007ff9c7ced000 	C:\Windows\System32\CRYPT32.dll
0x00007ff9c7400000 - 0x00007ff9c7427000 	C:\Windows\SYSTEM32\ncrypt.dll
0x00007ff9c73c0000 - 0x00007ff9c73fb000 	C:\Windows\SYSTEM32\NTASN1.dll

VM Arguments:
jvm_args: -javaagent:C:\Program Files\JetBrains\IntelliJ IDEA Community Edition 2021.3.2\lib\idea_rt.jar=56068:C:\Program Files\JetBrains\IntelliJ IDEA Community Edition 2021.3.2\bin -Dfile.encoding=UTF-8 
java_command: com.machine.coding.socialmedia.SocialMediaApplication
java_class_path (initial): C:\Program Files\Java\jdk1.8.0_311\jre\lib\charsets.jar;C:\Program Files\Java\jdk1.8.0_311\jre\lib\deploy.jar;C:\Program Files\Java\jdk1.8.0_311\jre\lib\ext\access-bridge-64.jar;C:\Program Files\Java\jdk1.8.0_311\jre\lib\ext\cldrdata.jar;C:\Program Files\Java\jdk1.8.0_311\jre\lib\ext\dnsns.jar;C:\Program Files\Java\jdk1.8.0_311\jre\lib\ext\jaccess.jar;C:\Program Files\Java\jdk1.8.0_311\jre\lib\ext\jfxrt.jar;C:\Program Files\Java\jdk1.8.0_311\jre\lib\ext\localedata.jar;C:\Program Files\Java\jdk1.8.0_311\jre\lib\ext\nashorn.jar;C:\Program Files\Java\jdk1.8.0_311\jre\lib\ext\sunec.jar;C:\Program Files\Java\jdk1.8.0_311\jre\lib\ext\sunjce_provider.jar;C:\Program Files\Java\jdk1.8.0_311\jre\lib\ext\sunmscapi.jar;C:\Program Files\Java\jdk1.8.0_311\jre\lib\ext\sunpkcs11.jar;C:\Program Files\Java\jdk1.8.0_311\jre\lib\ext\zipfs.jar;C:\Program Files\Java\jdk1.8.0_311\jre\lib\javaws.jar;C:\Program Files\Java\jdk1.8.0_311\jre\lib\jce.jar;C:\Program Files\Java\jdk1.8.0_311\jre\lib\jfr.jar;C:\Program Files\Java\jdk1.8.0_311\jre\lib\jfxswt.jar;C:\Program Files\Java\jdk1.8.0_311\jre\lib\jsse.jar;C:\Program Files\Java\jdk1.8.0_311\jre\lib\management-agent.jar;C:\Program Files\Java\jdk1.8.0_311\jre\lib\plugin.jar;C:\Program Files\Java\jdk1.8.0_311\jre\lib\resources.jar;C:\Program Files\Java\jdk1.8.0_311\jre\lib\rt.jar;C:\Users\ITC\Desktop\Coding\social-media\target\classes;C:\Users\ITC\.m2\repository\org\springframework\boot\spring-boot-starter-data-jpa\2.7.15\spring-boot-starter-data-jpa-2.7.15.jar;C:\Users\ITC\.m2\repository\org\springframework\boot\spring-boot-starter-aop\2.7.15\spring-boot-starter-aop-2.7.15.jar;C:\Users\ITC\.m2\repository\org\springframework\spring-aop\5.3.29\spring-aop-5.3.29.jar;C:\Users\ITC\.m2\repository\org\aspectj\aspectjweaver\1.9.7\aspectjweaver-1.9.7.jar;C:\Users\ITC\.m2\repository\org\springframework\boot\spring-boot-starter-jdbc\2.7.15\spring-boot-starter-jdbc-2.7.15.jar;C:\Users\ITC\.m2\repository\com\zaxxer\HikariCP\4.0.
Launcher Type: SUN_STANDARD

Environment Variables:
JAVA_HOME=C:\Program Files\Java\jdk1.8.0_311
PATH=C:\Windows\system32;C:\Windows;C:\Windows\System32\Wbem;C:\Windows\System32\WindowsPowerShell\v1.0\;C:\Windows\System32\OpenSSH\;C:\Program Files\Git\cmd;C:\Program Files\Java\jdk1.8.0_311\bin;C:\Program Files\gradle-7.4\bin;C:\Program Files\MongoDB\Server\5.0\bin;C:\Users\ITC\AppData\Local\Microsoft\WindowsApps;C:\Users\ITC\AppData\Local\GitHubDesktop\bin;C:\Program Files\JetBrains\IntelliJ IDEA Community Edition 2021.3.2\bin;;C:\Users\ITC\AppData\Local\Programs\Microsoft VS Code\bin
USERNAME=ITC
OS=Windows_NT
PROCESSOR_IDENTIFIER=Intel64 Family 6 Model 78 Stepping 3, GenuineIntel



---------------  S Y S T E M  ---------------

OS: Windows 10.0 , 64 bit Build 19041 (10.0.19041.3636)

CPU:total 4 (initial active 4) (2 cores per cpu, 2 threads per core) family 6 model 78 stepping 3, cmov, cx8, fxsr, mmx, sse, sse2, sse3, ssse3, sse4.1, sse4.2, popcnt, avx, avx2, aes, clmul, erms, 3dnowpref, lzcnt, ht, tsc, tscinvbit, bmi1, bmi2, adx

Memory: 4k page, physical 8276996k(811992k free), swap 10324996k(3396k free)

vm_info: Java HotSpot(TM) 64-Bit Server VM (25.311-b11) for windows-amd64 JRE (1.8.0_311-b11), built on Sep 27 2021 05:15:14 by "java_re" with MS VC++ 15.9 (VS2017)

time: Sat Oct 12 16:35:44 2024
timezone: India Standard Time
elapsed time: 9.749703 seconds (0d 0h 0m 9s)

